[30-Oct-2021 16:01:11 UTC] PHP Warning:  chmod(): Operation not permitted in /var/www/html/testEnv/wp-admin/includes/class-wp-filesystem-direct.php on line 173
[30-Oct-2021 16:01:12 UTC] PHP Warning:  chmod(): Operation not permitted in /var/www/html/testEnv/wp-admin/includes/class-wp-filesystem-direct.php on line 173
[30-Oct-2021 16:01:12 UTC] PHP Warning:  chmod(): Operation not permitted in /var/www/html/testEnv/wp-admin/includes/class-wp-filesystem-direct.php on line 173
[30-Oct-2021 16:01:12 UTC] PHP Warning:  chmod(): Operation not permitted in /var/www/html/testEnv/wp-admin/includes/class-wp-filesystem-direct.php on line 173
[30-Oct-2021 16:01:12 UTC] PHP Warning:  chmod(): Operation not permitted in /var/www/html/testEnv/wp-admin/includes/class-wp-filesystem-direct.php on line 173
[30-Oct-2021 16:01:12 UTC] PHP Warning:  chmod(): Operation not permitted in /var/www/html/testEnv/wp-admin/includes/class-wp-filesystem-direct.php on line 173
[30-Oct-2021 16:01:12 UTC] PHP Warning:  chmod(): Operation not permitted in /var/www/html/testEnv/wp-admin/includes/class-wp-filesystem-direct.php on line 173
[30-Oct-2021 16:01:12 UTC] PHP Warning:  chmod(): Operation not permitted in /var/www/html/testEnv/wp-admin/includes/class-wp-filesystem-direct.php on line 173
[30-Oct-2021 16:01:12 UTC] PHP Warning:  chmod(): Operation not permitted in /var/www/html/testEnv/wp-admin/includes/class-wp-filesystem-direct.php on line 173
[30-Oct-2021 16:01:12 UTC] PHP Warning:  chmod(): Operation not permitted in /var/www/html/testEnv/wp-admin/includes/class-wp-filesystem-direct.php on line 173
[30-Oct-2021 16:01:12 UTC] PHP Warning:  chmod(): Operation not permitted in /var/www/html/testEnv/wp-admin/includes/class-wp-filesystem-direct.php on line 173
[30-Oct-2021 16:01:12 UTC] PHP Warning:  chmod(): Operation not permitted in /var/www/html/testEnv/wp-admin/includes/class-wp-filesystem-direct.php on line 173
[30-Oct-2021 16:01:12 UTC] PHP Warning:  chmod(): Operation not permitted in /var/www/html/testEnv/wp-admin/includes/class-wp-filesystem-direct.php on line 173
[30-Oct-2021 16:01:12 UTC] PHP Warning:  chmod(): Operation not permitted in /var/www/html/testEnv/wp-admin/includes/class-wp-filesystem-direct.php on line 173
[30-Oct-2021 16:01:12 UTC] PHP Warning:  chmod(): Operation not permitted in /var/www/html/testEnv/wp-admin/includes/class-wp-filesystem-direct.php on line 173
[30-Oct-2021 16:01:12 UTC] PHP Warning:  chmod(): Operation not permitted in /var/www/html/testEnv/wp-admin/includes/class-wp-filesystem-direct.php on line 173
[30-Oct-2021 16:01:12 UTC] PHP Warning:  chmod(): Operation not permitted in /var/www/html/testEnv/wp-admin/includes/class-wp-filesystem-direct.php on line 173
[30-Oct-2021 16:01:12 UTC] PHP Warning:  chmod(): Operation not permitted in /var/www/html/testEnv/wp-admin/includes/class-wp-filesystem-direct.php on line 173
[30-Oct-2021 16:01:12 UTC] PHP Warning:  chmod(): Operation not permitted in /var/www/html/testEnv/wp-admin/includes/class-wp-filesystem-direct.php on line 173
[30-Oct-2021 16:01:12 UTC] PHP Warning:  chmod(): Operation not permitted in /var/www/html/testEnv/wp-admin/includes/class-wp-filesystem-direct.php on line 173
[30-Oct-2021 16:01:12 UTC] PHP Warning:  chmod(): Operation not permitted in /var/www/html/testEnv/wp-admin/includes/class-wp-filesystem-direct.php on line 173
[30-Oct-2021 16:01:12 UTC] PHP Warning:  chmod(): Operation not permitted in /var/www/html/testEnv/wp-admin/includes/class-wp-filesystem-direct.php on line 173
[30-Oct-2021 16:01:12 UTC] PHP Warning:  chmod(): Operation not permitted in /var/www/html/testEnv/wp-admin/includes/class-wp-filesystem-direct.php on line 173
[30-Oct-2021 16:01:12 UTC] PHP Warning:  chmod(): Operation not permitted in /var/www/html/testEnv/wp-admin/includes/class-wp-filesystem-direct.php on line 173
[30-Oct-2021 16:01:12 UTC] PHP Warning:  chmod(): Operation not permitted in /var/www/html/testEnv/wp-admin/includes/class-wp-filesystem-direct.php on line 173
[30-Oct-2021 16:01:12 UTC] PHP Warning:  chmod(): Operation not permitted in /var/www/html/testEnv/wp-admin/includes/class-wp-filesystem-direct.php on line 173
[30-Oct-2021 16:01:12 UTC] PHP Warning:  chmod(): Operation not permitted in /var/www/html/testEnv/wp-admin/includes/class-wp-filesystem-direct.php on line 173
[30-Oct-2021 16:01:12 UTC] PHP Warning:  chmod(): Operation not permitted in /var/www/html/testEnv/wp-admin/includes/class-wp-filesystem-direct.php on line 173
[30-Oct-2021 16:01:12 UTC] PHP Warning:  chmod(): Operation not permitted in /var/www/html/testEnv/wp-admin/includes/class-wp-filesystem-direct.php on line 173
[30-Oct-2021 16:01:12 UTC] PHP Warning:  chmod(): Operation not permitted in /var/www/html/testEnv/wp-admin/includes/class-wp-filesystem-direct.php on line 173
[30-Oct-2021 16:01:12 UTC] PHP Warning:  chmod(): Operation not permitted in /var/www/html/testEnv/wp-admin/includes/class-wp-filesystem-direct.php on line 173
[30-Oct-2021 16:01:12 UTC] PHP Warning:  chmod(): Operation not permitted in /var/www/html/testEnv/wp-admin/includes/class-wp-filesystem-direct.php on line 173
[30-Oct-2021 16:01:12 UTC] PHP Warning:  chmod(): Operation not permitted in /var/www/html/testEnv/wp-admin/includes/class-wp-filesystem-direct.php on line 173
[30-Oct-2021 16:01:12 UTC] PHP Warning:  chmod(): Operation not permitted in /var/www/html/testEnv/wp-admin/includes/class-wp-filesystem-direct.php on line 173
[30-Oct-2021 16:01:12 UTC] PHP Warning:  chmod(): Operation not permitted in /var/www/html/testEnv/wp-admin/includes/class-wp-filesystem-direct.php on line 173
[30-Oct-2021 16:01:12 UTC] PHP Warning:  chmod(): Operation not permitted in /var/www/html/testEnv/wp-admin/includes/class-wp-filesystem-direct.php on line 173
[30-Oct-2021 16:01:12 UTC] PHP Warning:  chmod(): Operation not permitted in /var/www/html/testEnv/wp-admin/includes/class-wp-filesystem-direct.php on line 173
[30-Oct-2021 16:01:12 UTC] PHP Warning:  chmod(): Operation not permitted in /var/www/html/testEnv/wp-admin/includes/class-wp-filesystem-direct.php on line 173
[30-Oct-2021 16:01:12 UTC] PHP Warning:  chmod(): Operation not permitted in /var/www/html/testEnv/wp-admin/includes/class-wp-filesystem-direct.php on line 173
[30-Oct-2021 16:01:12 UTC] PHP Warning:  chmod(): Operation not permitted in /var/www/html/testEnv/wp-admin/includes/class-wp-filesystem-direct.php on line 173
[30-Oct-2021 16:01:12 UTC] PHP Warning:  chmod(): Operation not permitted in /var/www/html/testEnv/wp-admin/includes/class-wp-filesystem-direct.php on line 173
[30-Oct-2021 16:01:12 UTC] PHP Warning:  chmod(): Operation not permitted in /var/www/html/testEnv/wp-admin/includes/class-wp-filesystem-direct.php on line 173
[30-Oct-2021 16:01:12 UTC] PHP Warning:  chmod(): Operation not permitted in /var/www/html/testEnv/wp-admin/includes/class-wp-filesystem-direct.php on line 173
[30-Oct-2021 16:01:12 UTC] PHP Warning:  chmod(): Operation not permitted in /var/www/html/testEnv/wp-admin/includes/class-wp-filesystem-direct.php on line 173
[30-Oct-2021 16:01:12 UTC] PHP Warning:  chmod(): Operation not permitted in /var/www/html/testEnv/wp-admin/includes/class-wp-filesystem-direct.php on line 173
[30-Oct-2021 16:01:12 UTC] PHP Warning:  chmod(): Operation not permitted in /var/www/html/testEnv/wp-admin/includes/class-wp-filesystem-direct.php on line 173
[30-Oct-2021 16:01:12 UTC] PHP Warning:  chmod(): Operation not permitted in /var/www/html/testEnv/wp-admin/includes/class-wp-filesystem-direct.php on line 173
[30-Oct-2021 16:01:12 UTC] PHP Warning:  chmod(): Operation not permitted in /var/www/html/testEnv/wp-admin/includes/class-wp-filesystem-direct.php on line 173
[30-Oct-2021 16:01:12 UTC] PHP Warning:  chmod(): Operation not permitted in /var/www/html/testEnv/wp-admin/includes/class-wp-filesystem-direct.php on line 173
[30-Oct-2021 16:01:12 UTC] PHP Warning:  chmod(): Operation not permitted in /var/www/html/testEnv/wp-admin/includes/class-wp-filesystem-direct.php on line 173
[30-Oct-2021 16:01:12 UTC] PHP Warning:  chmod(): Operation not permitted in /var/www/html/testEnv/wp-admin/includes/class-wp-filesystem-direct.php on line 173
[30-Oct-2021 16:01:12 UTC] PHP Warning:  chmod(): Operation not permitted in /var/www/html/testEnv/wp-admin/includes/class-wp-filesystem-direct.php on line 173
[30-Oct-2021 16:01:12 UTC] PHP Warning:  chmod(): Operation not permitted in /var/www/html/testEnv/wp-admin/includes/class-wp-filesystem-direct.php on line 173
[30-Oct-2021 16:01:12 UTC] PHP Warning:  chmod(): Operation not permitted in /var/www/html/testEnv/wp-admin/includes/class-wp-filesystem-direct.php on line 173
[30-Oct-2021 16:01:12 UTC] PHP Warning:  chmod(): Operation not permitted in /var/www/html/testEnv/wp-admin/includes/class-wp-filesystem-direct.php on line 173
[30-Oct-2021 16:01:12 UTC] PHP Warning:  chmod(): Operation not permitted in /var/www/html/testEnv/wp-admin/includes/class-wp-filesystem-direct.php on line 173
[30-Oct-2021 16:01:12 UTC] PHP Warning:  chmod(): Operation not permitted in /var/www/html/testEnv/wp-admin/includes/class-wp-filesystem-direct.php on line 173
[30-Oct-2021 16:01:12 UTC] PHP Warning:  chmod(): Operation not permitted in /var/www/html/testEnv/wp-admin/includes/class-wp-filesystem-direct.php on line 173
[30-Oct-2021 16:01:12 UTC] PHP Warning:  chmod(): Operation not permitted in /var/www/html/testEnv/wp-admin/includes/class-wp-filesystem-direct.php on line 173
[30-Oct-2021 16:01:12 UTC] PHP Warning:  chmod(): Operation not permitted in /var/www/html/testEnv/wp-admin/includes/class-wp-filesystem-direct.php on line 173
[30-Oct-2021 16:01:12 UTC] PHP Warning:  chmod(): Operation not permitted in /var/www/html/testEnv/wp-admin/includes/class-wp-filesystem-direct.php on line 173
[30-Oct-2021 16:01:12 UTC] PHP Warning:  chmod(): Operation not permitted in /var/www/html/testEnv/wp-admin/includes/class-wp-filesystem-direct.php on line 173
[30-Oct-2021 16:01:12 UTC] PHP Warning:  chmod(): Operation not permitted in /var/www/html/testEnv/wp-admin/includes/class-wp-filesystem-direct.php on line 173
[30-Oct-2021 16:01:12 UTC] PHP Warning:  chmod(): Operation not permitted in /var/www/html/testEnv/wp-admin/includes/class-wp-filesystem-direct.php on line 173
[30-Oct-2021 16:01:12 UTC] PHP Warning:  chmod(): Operation not permitted in /var/www/html/testEnv/wp-admin/includes/class-wp-filesystem-direct.php on line 173
[30-Oct-2021 16:03:49 UTC] PHP Warning:  require_once(/var/www/html/testEnv/wp-content/plugins/test-env-elementor/widgets/custom-heading-widget.php): failed to open stream: No such file or directory in /var/www/html/testEnv/wp-content/plugins/test-env-elementor/test-env-elementor.php on line 136
[30-Oct-2021 16:03:49 UTC] PHP Fatal error:  require_once(): Failed opening required '/var/www/html/testEnv/wp-content/plugins/test-env-elementor/widgets/custom-heading-widget.php' (include_path='.:/usr/share/php') in /var/www/html/testEnv/wp-content/plugins/test-env-elementor/test-env-elementor.php on line 136
[30-Oct-2021 16:04:45 UTC] PHP Deprecated:  _content_template is <strong>deprecated</strong> since version 2.9.0! Use Elementor\Controls_Stack::content_template() instead. in /var/www/html/testEnv/wp-includes/functions.php on line 5211
[31-Oct-2021 19:02:48 UTC] PHP Fatal error:  Uncaught Error: Call to undefined function SubmitHandler() in /var/www/html/testEnv/wp-content/plugins/test-env-elementor/widgets/form-elementor.php:30
Stack trace:
#0 /var/www/html/testEnv/wp-content/plugins/test-env-elementor/test-env-elementor.php(139): Form_Elementor->__construct()
#1 /var/www/html/testEnv/wp-includes/class-wp-hook.php(303): Test_Env_Elementor->init_widgets(Object(Elementor\Widgets_Manager))
#2 /var/www/html/testEnv/wp-includes/class-wp-hook.php(327): WP_Hook->apply_filters('', Array)
#3 /var/www/html/testEnv/wp-includes/plugin.php(470): WP_Hook->do_action(Array)
#4 /var/www/html/testEnv/wp-content/plugins/elementor/includes/managers/widgets.php(99): do_action('elementor/widge...', Object(Elementor\Widgets_Manager))
#5 /var/www/html/testEnv/wp-content/plugins/elementor/includes/managers/widgets.php(235): Elementor\Widgets_Manager->init_widgets()
#6 /var/www/html/testEnv/wp-content/plugins/elementor/includes/elements/column.php(1025): Elementor\Widgets_Manager->get_widget_types('form')
#7  in /var/www/html/testEnv/wp-content/plugins/test-env-elementor/widgets/form-elementor.php on line 30
[31-Oct-2021 19:03:03 UTC] PHP Fatal error:  Uncaught Error: Class 'Form\SubmitHandler' not found in /var/www/html/testEnv/wp-content/plugins/test-env-elementor/widgets/form-elementor.php:30
Stack trace:
#0 /var/www/html/testEnv/wp-content/plugins/test-env-elementor/test-env-elementor.php(139): Form_Elementor->__construct()
#1 /var/www/html/testEnv/wp-includes/class-wp-hook.php(303): Test_Env_Elementor->init_widgets(Object(Elementor\Widgets_Manager))
#2 /var/www/html/testEnv/wp-includes/class-wp-hook.php(327): WP_Hook->apply_filters('', Array)
#3 /var/www/html/testEnv/wp-includes/plugin.php(470): WP_Hook->do_action(Array)
#4 /var/www/html/testEnv/wp-content/plugins/elementor/includes/managers/widgets.php(99): do_action('elementor/widge...', Object(Elementor\Widgets_Manager))
#5 /var/www/html/testEnv/wp-content/plugins/elementor/includes/managers/widgets.php(235): Elementor\Widgets_Manager->init_widgets()
#6 /var/www/html/testEnv/wp-content/plugins/elementor/includes/elements/column.php(1025): Elementor\Widgets_Manager->get_widget_types('form')
#7 /var/w in /var/www/html/testEnv/wp-content/plugins/test-env-elementor/widgets/form-elementor.php on line 30
[31-Oct-2021 19:03:21 UTC] PHP Fatal error:  Uncaught Error: Class 'Form\SubmitHandler' not found in /var/www/html/testEnv/wp-content/plugins/test-env-elementor/widgets/form-elementor.php:30
Stack trace:
#0 /var/www/html/testEnv/wp-content/plugins/test-env-elementor/test-env-elementor.php(139): Form_Elementor->__construct()
#1 /var/www/html/testEnv/wp-includes/class-wp-hook.php(303): Test_Env_Elementor->init_widgets(Object(Elementor\Widgets_Manager))
#2 /var/www/html/testEnv/wp-includes/class-wp-hook.php(327): WP_Hook->apply_filters('', Array)
#3 /var/www/html/testEnv/wp-includes/plugin.php(470): WP_Hook->do_action(Array)
#4 /var/www/html/testEnv/wp-content/plugins/elementor/includes/managers/widgets.php(99): do_action('elementor/widge...', Object(Elementor\Widgets_Manager))
#5 /var/www/html/testEnv/wp-content/plugins/elementor/includes/managers/widgets.php(235): Elementor\Widgets_Manager->init_widgets()
#6 /var/www/html/testEnv/wp-content/plugins/elementor/includes/elements/column.php(1025): Elementor\Widgets_Manager->get_widget_types('form')
#7 /var/w in /var/www/html/testEnv/wp-content/plugins/test-env-elementor/widgets/form-elementor.php on line 30
[31-Oct-2021 19:03:40 UTC] PHP Fatal error:  Uncaught Error: Class 'Form\SubmitHandler' not found in /var/www/html/testEnv/wp-content/plugins/test-env-elementor/widgets/form-elementor.php:30
Stack trace:
#0 /var/www/html/testEnv/wp-content/plugins/test-env-elementor/test-env-elementor.php(139): Form_Elementor->__construct()
#1 /var/www/html/testEnv/wp-includes/class-wp-hook.php(303): Test_Env_Elementor->init_widgets(Object(Elementor\Widgets_Manager))
#2 /var/www/html/testEnv/wp-includes/class-wp-hook.php(327): WP_Hook->apply_filters('', Array)
#3 /var/www/html/testEnv/wp-includes/plugin.php(470): WP_Hook->do_action(Array)
#4 /var/www/html/testEnv/wp-content/plugins/elementor/includes/managers/widgets.php(99): do_action('elementor/widge...', Object(Elementor\Widgets_Manager))
#5 /var/www/html/testEnv/wp-content/plugins/elementor/includes/managers/widgets.php(235): Elementor\Widgets_Manager->init_widgets()
#6 /var/www/html/testEnv/wp-content/plugins/elementor/includes/elements/column.php(1025): Elementor\Widgets_Manager->get_widget_types('form')
#7 /var/w in /var/www/html/testEnv/wp-content/plugins/test-env-elementor/widgets/form-elementor.php on line 30
[31-Oct-2021 19:03:42 UTC] PHP Fatal error:  Uncaught Error: Class 'Form\SubmitHandler' not found in /var/www/html/testEnv/wp-content/plugins/test-env-elementor/widgets/form-elementor.php:30
Stack trace:
#0 /var/www/html/testEnv/wp-content/plugins/test-env-elementor/test-env-elementor.php(139): Form_Elementor->__construct()
#1 /var/www/html/testEnv/wp-includes/class-wp-hook.php(303): Test_Env_Elementor->init_widgets(Object(Elementor\Widgets_Manager))
#2 /var/www/html/testEnv/wp-includes/class-wp-hook.php(327): WP_Hook->apply_filters('', Array)
#3 /var/www/html/testEnv/wp-includes/plugin.php(470): WP_Hook->do_action(Array)
#4 /var/www/html/testEnv/wp-content/plugins/elementor/includes/managers/widgets.php(99): do_action('elementor/widge...', Object(Elementor\Widgets_Manager))
#5 /var/www/html/testEnv/wp-content/plugins/elementor/includes/managers/widgets.php(235): Elementor\Widgets_Manager->init_widgets()
#6 /var/www/html/testEnv/wp-content/plugins/elementor/includes/elements/column.php(1025): Elementor\Widgets_Manager->get_widget_types('form')
#7 /var/w in /var/www/html/testEnv/wp-content/plugins/test-env-elementor/widgets/form-elementor.php on line 30
[31-Oct-2021 19:03:52 UTC] PHP Fatal error:  Uncaught Error: Class 'Form\SubmitHandler' not found in /var/www/html/testEnv/wp-content/plugins/test-env-elementor/widgets/form-elementor.php:30
Stack trace:
#0 /var/www/html/testEnv/wp-content/plugins/test-env-elementor/test-env-elementor.php(139): Form_Elementor->__construct()
#1 /var/www/html/testEnv/wp-includes/class-wp-hook.php(303): Test_Env_Elementor->init_widgets(Object(Elementor\Widgets_Manager))
#2 /var/www/html/testEnv/wp-includes/class-wp-hook.php(327): WP_Hook->apply_filters('', Array)
#3 /var/www/html/testEnv/wp-includes/plugin.php(470): WP_Hook->do_action(Array)
#4 /var/www/html/testEnv/wp-content/plugins/elementor/includes/managers/widgets.php(99): do_action('elementor/widge...', Object(Elementor\Widgets_Manager))
#5 /var/www/html/testEnv/wp-content/plugins/elementor/includes/managers/widgets.php(235): Elementor\Widgets_Manager->init_widgets()
#6 /var/www/html/testEnv/wp-content/plugins/elementor/includes/elements/column.php(1025): Elementor\Widgets_Manager->get_widget_types('form')
#7 /var/w in /var/www/html/testEnv/wp-content/plugins/test-env-elementor/widgets/form-elementor.php on line 30
[31-Oct-2021 19:05:50 UTC] PHP Fatal error:  Uncaught Error: Class 'Form\Submit' not found in /var/www/html/testEnv/wp-content/plugins/test-env-elementor/widgets/form-elementor.php:30
Stack trace:
#0 /var/www/html/testEnv/wp-content/plugins/test-env-elementor/test-env-elementor.php(139): Form_Elementor->__construct()
#1 /var/www/html/testEnv/wp-includes/class-wp-hook.php(303): Test_Env_Elementor->init_widgets(Object(Elementor\Widgets_Manager))
#2 /var/www/html/testEnv/wp-includes/class-wp-hook.php(327): WP_Hook->apply_filters('', Array)
#3 /var/www/html/testEnv/wp-includes/plugin.php(470): WP_Hook->do_action(Array)
#4 /var/www/html/testEnv/wp-content/plugins/elementor/includes/managers/widgets.php(99): do_action('elementor/widge...', Object(Elementor\Widgets_Manager))
#5 /var/www/html/testEnv/wp-content/plugins/elementor/includes/managers/widgets.php(235): Elementor\Widgets_Manager->init_widgets()
#6 /var/www/html/testEnv/wp-content/plugins/elementor/includes/elements/column.php(1025): Elementor\Widgets_Manager->get_widget_types('form')
#7 /var/www/html in /var/www/html/testEnv/wp-content/plugins/test-env-elementor/widgets/form-elementor.php on line 30
[31-Oct-2021 19:06:42 UTC] PHP Fatal error:  Uncaught Error: Class 'Form\Submit' not found in /var/www/html/testEnv/wp-content/plugins/test-env-elementor/widgets/form-elementor.php:30
Stack trace:
#0 /var/www/html/testEnv/wp-content/plugins/test-env-elementor/test-env-elementor.php(139): Form_Elementor->__construct()
#1 /var/www/html/testEnv/wp-includes/class-wp-hook.php(303): Test_Env_Elementor->init_widgets(Object(Elementor\Widgets_Manager))
#2 /var/www/html/testEnv/wp-includes/class-wp-hook.php(327): WP_Hook->apply_filters('', Array)
#3 /var/www/html/testEnv/wp-includes/plugin.php(470): WP_Hook->do_action(Array)
#4 /var/www/html/testEnv/wp-content/plugins/elementor/includes/managers/widgets.php(99): do_action('elementor/widge...', Object(Elementor\Widgets_Manager))
#5 /var/www/html/testEnv/wp-content/plugins/elementor/includes/managers/widgets.php(235): Elementor\Widgets_Manager->init_widgets()
#6 /var/www/html/testEnv/wp-content/plugins/elementor/includes/elements/column.php(1025): Elementor\Widgets_Manager->get_widget_types('form')
#7 /var/www/html in /var/www/html/testEnv/wp-content/plugins/test-env-elementor/widgets/form-elementor.php on line 30
[31-Oct-2021 19:10:13 UTC] PHP Fatal error:  Uncaught Error: Class 'Form\Submit' not found in /var/www/html/testEnv/wp-content/plugins/test-env-elementor/widgets/form-elementor.php:30
Stack trace:
#0 /var/www/html/testEnv/wp-content/plugins/test-env-elementor/test-env-elementor.php(139): Form_Elementor->__construct()
#1 /var/www/html/testEnv/wp-includes/class-wp-hook.php(303): Test_Env_Elementor->init_widgets(Object(Elementor\Widgets_Manager))
#2 /var/www/html/testEnv/wp-includes/class-wp-hook.php(327): WP_Hook->apply_filters('', Array)
#3 /var/www/html/testEnv/wp-includes/plugin.php(470): WP_Hook->do_action(Array)
#4 /var/www/html/testEnv/wp-content/plugins/elementor/includes/managers/widgets.php(99): do_action('elementor/widge...', Object(Elementor\Widgets_Manager))
#5 /var/www/html/testEnv/wp-content/plugins/elementor/includes/managers/widgets.php(235): Elementor\Widgets_Manager->init_widgets()
#6 /var/www/html/testEnv/wp-content/plugins/elementor/includes/elements/column.php(1025): Elementor\Widgets_Manager->get_widget_types('form')
#7 /var/www/html in /var/www/html/testEnv/wp-content/plugins/test-env-elementor/widgets/form-elementor.php on line 30
[31-Oct-2021 19:10:15 UTC] PHP Fatal error:  Uncaught Error: Class 'Form\Submit' not found in /var/www/html/testEnv/wp-content/plugins/test-env-elementor/widgets/form-elementor.php:30
Stack trace:
#0 /var/www/html/testEnv/wp-content/plugins/test-env-elementor/test-env-elementor.php(139): Form_Elementor->__construct()
#1 /var/www/html/testEnv/wp-includes/class-wp-hook.php(303): Test_Env_Elementor->init_widgets(Object(Elementor\Widgets_Manager))
#2 /var/www/html/testEnv/wp-includes/class-wp-hook.php(327): WP_Hook->apply_filters('', Array)
#3 /var/www/html/testEnv/wp-includes/plugin.php(470): WP_Hook->do_action(Array)
#4 /var/www/html/testEnv/wp-content/plugins/elementor/includes/managers/widgets.php(99): do_action('elementor/widge...', Object(Elementor\Widgets_Manager))
#5 /var/www/html/testEnv/wp-content/plugins/elementor/includes/managers/widgets.php(235): Elementor\Widgets_Manager->init_widgets()
#6 /var/www/html/testEnv/wp-content/plugins/elementor/includes/elements/column.php(1025): Elementor\Widgets_Manager->get_widget_types('form')
#7 /var/www/html in /var/www/html/testEnv/wp-content/plugins/test-env-elementor/widgets/form-elementor.php on line 30
[31-Oct-2021 19:10:19 UTC] PHP Fatal error:  Uncaught Error: Class 'Form\Submit' not found in /var/www/html/testEnv/wp-content/plugins/test-env-elementor/widgets/form-elementor.php:30
Stack trace:
#0 /var/www/html/testEnv/wp-content/plugins/test-env-elementor/test-env-elementor.php(139): Form_Elementor->__construct()
#1 /var/www/html/testEnv/wp-includes/class-wp-hook.php(303): Test_Env_Elementor->init_widgets(Object(Elementor\Widgets_Manager))
#2 /var/www/html/testEnv/wp-includes/class-wp-hook.php(327): WP_Hook->apply_filters('', Array)
#3 /var/www/html/testEnv/wp-includes/plugin.php(470): WP_Hook->do_action(Array)
#4 /var/www/html/testEnv/wp-content/plugins/elementor/includes/managers/widgets.php(99): do_action('elementor/widge...', Object(Elementor\Widgets_Manager))
#5 /var/www/html/testEnv/wp-content/plugins/elementor/includes/managers/widgets.php(235): Elementor\Widgets_Manager->init_widgets()
#6 /var/www/html/testEnv/wp-content/plugins/elementor/includes/elements/column.php(1025): Elementor\Widgets_Manager->get_widget_types('form')
#7 /var/www/html in /var/www/html/testEnv/wp-content/plugins/test-env-elementor/widgets/form-elementor.php on line 30
[31-Oct-2021 19:11:36 UTC] PHP Fatal error:  Uncaught Error: Class 'Form\Submit' not found in /var/www/html/testEnv/wp-content/plugins/test-env-elementor/widgets/form-elementor.php:29
Stack trace:
#0 /var/www/html/testEnv/wp-content/plugins/test-env-elementor/test-env-elementor.php(139): Form_Elementor->__construct()
#1 /var/www/html/testEnv/wp-includes/class-wp-hook.php(303): Test_Env_Elementor->init_widgets(Object(Elementor\Widgets_Manager))
#2 /var/www/html/testEnv/wp-includes/class-wp-hook.php(327): WP_Hook->apply_filters('', Array)
#3 /var/www/html/testEnv/wp-includes/plugin.php(470): WP_Hook->do_action(Array)
#4 /var/www/html/testEnv/wp-content/plugins/elementor/includes/managers/widgets.php(99): do_action('elementor/widge...', Object(Elementor\Widgets_Manager))
#5 /var/www/html/testEnv/wp-content/plugins/elementor/includes/managers/widgets.php(235): Elementor\Widgets_Manager->init_widgets()
#6 /var/www/html/testEnv/wp-content/plugins/elementor/includes/elements/column.php(1025): Elementor\Widgets_Manager->get_widget_types('form')
#7 /var/www/html in /var/www/html/testEnv/wp-content/plugins/test-env-elementor/widgets/form-elementor.php on line 29
[31-Oct-2021 19:11:37 UTC] PHP Fatal error:  Uncaught Error: Class 'Form\Submit' not found in /var/www/html/testEnv/wp-content/plugins/test-env-elementor/widgets/form-elementor.php:29
Stack trace:
#0 /var/www/html/testEnv/wp-content/plugins/test-env-elementor/test-env-elementor.php(139): Form_Elementor->__construct()
#1 /var/www/html/testEnv/wp-includes/class-wp-hook.php(303): Test_Env_Elementor->init_widgets(Object(Elementor\Widgets_Manager))
#2 /var/www/html/testEnv/wp-includes/class-wp-hook.php(327): WP_Hook->apply_filters('', Array)
#3 /var/www/html/testEnv/wp-includes/plugin.php(470): WP_Hook->do_action(Array)
#4 /var/www/html/testEnv/wp-content/plugins/elementor/includes/managers/widgets.php(99): do_action('elementor/widge...', Object(Elementor\Widgets_Manager))
#5 /var/www/html/testEnv/wp-content/plugins/elementor/includes/managers/widgets.php(235): Elementor\Widgets_Manager->init_widgets()
#6 /var/www/html/testEnv/wp-content/plugins/elementor/includes/elements/column.php(1025): Elementor\Widgets_Manager->get_widget_types('form')
#7 /var/www/html in /var/www/html/testEnv/wp-content/plugins/test-env-elementor/widgets/form-elementor.php on line 29
[31-Oct-2021 19:11:38 UTC] PHP Fatal error:  Uncaught Error: Class 'Form\Submit' not found in /var/www/html/testEnv/wp-content/plugins/test-env-elementor/widgets/form-elementor.php:29
Stack trace:
#0 /var/www/html/testEnv/wp-content/plugins/test-env-elementor/test-env-elementor.php(139): Form_Elementor->__construct()
#1 /var/www/html/testEnv/wp-includes/class-wp-hook.php(303): Test_Env_Elementor->init_widgets(Object(Elementor\Widgets_Manager))
#2 /var/www/html/testEnv/wp-includes/class-wp-hook.php(327): WP_Hook->apply_filters('', Array)
#3 /var/www/html/testEnv/wp-includes/plugin.php(470): WP_Hook->do_action(Array)
#4 /var/www/html/testEnv/wp-content/plugins/elementor/includes/managers/widgets.php(99): do_action('elementor/widge...', Object(Elementor\Widgets_Manager))
#5 /var/www/html/testEnv/wp-content/plugins/elementor/includes/managers/widgets.php(235): Elementor\Widgets_Manager->init_widgets()
#6 /var/www/html/testEnv/wp-content/plugins/elementor/includes/elements/column.php(1025): Elementor\Widgets_Manager->get_widget_types('form')
#7 /var/www/html in /var/www/html/testEnv/wp-content/plugins/test-env-elementor/widgets/form-elementor.php on line 29
[31-Oct-2021 19:11:38 UTC] PHP Fatal error:  Uncaught Error: Class 'Form\Submit' not found in /var/www/html/testEnv/wp-content/plugins/test-env-elementor/widgets/form-elementor.php:29
Stack trace:
#0 /var/www/html/testEnv/wp-content/plugins/test-env-elementor/test-env-elementor.php(139): Form_Elementor->__construct()
#1 /var/www/html/testEnv/wp-includes/class-wp-hook.php(303): Test_Env_Elementor->init_widgets(Object(Elementor\Widgets_Manager))
#2 /var/www/html/testEnv/wp-includes/class-wp-hook.php(327): WP_Hook->apply_filters('', Array)
#3 /var/www/html/testEnv/wp-includes/plugin.php(470): WP_Hook->do_action(Array)
#4 /var/www/html/testEnv/wp-content/plugins/elementor/includes/managers/widgets.php(99): do_action('elementor/widge...', Object(Elementor\Widgets_Manager))
#5 /var/www/html/testEnv/wp-content/plugins/elementor/includes/managers/widgets.php(235): Elementor\Widgets_Manager->init_widgets()
#6 /var/www/html/testEnv/wp-content/plugins/elementor/includes/elements/column.php(1025): Elementor\Widgets_Manager->get_widget_types('form')
#7 /var/www/html in /var/www/html/testEnv/wp-content/plugins/test-env-elementor/widgets/form-elementor.php on line 29
[31-Oct-2021 19:11:38 UTC] PHP Fatal error:  Uncaught Error: Class 'Form\Submit' not found in /var/www/html/testEnv/wp-content/plugins/test-env-elementor/widgets/form-elementor.php:29
Stack trace:
#0 /var/www/html/testEnv/wp-content/plugins/test-env-elementor/test-env-elementor.php(139): Form_Elementor->__construct()
#1 /var/www/html/testEnv/wp-includes/class-wp-hook.php(303): Test_Env_Elementor->init_widgets(Object(Elementor\Widgets_Manager))
#2 /var/www/html/testEnv/wp-includes/class-wp-hook.php(327): WP_Hook->apply_filters('', Array)
#3 /var/www/html/testEnv/wp-includes/plugin.php(470): WP_Hook->do_action(Array)
#4 /var/www/html/testEnv/wp-content/plugins/elementor/includes/managers/widgets.php(99): do_action('elementor/widge...', Object(Elementor\Widgets_Manager))
#5 /var/www/html/testEnv/wp-content/plugins/elementor/includes/managers/widgets.php(235): Elementor\Widgets_Manager->init_widgets()
#6 /var/www/html/testEnv/wp-content/plugins/elementor/includes/elements/column.php(1025): Elementor\Widgets_Manager->get_widget_types('form')
#7 /var/www/html in /var/www/html/testEnv/wp-content/plugins/test-env-elementor/widgets/form-elementor.php on line 29
[31-Oct-2021 19:11:38 UTC] PHP Fatal error:  Uncaught Error: Class 'Form\Submit' not found in /var/www/html/testEnv/wp-content/plugins/test-env-elementor/widgets/form-elementor.php:29
Stack trace:
#0 /var/www/html/testEnv/wp-content/plugins/test-env-elementor/test-env-elementor.php(139): Form_Elementor->__construct()
#1 /var/www/html/testEnv/wp-includes/class-wp-hook.php(303): Test_Env_Elementor->init_widgets(Object(Elementor\Widgets_Manager))
#2 /var/www/html/testEnv/wp-includes/class-wp-hook.php(327): WP_Hook->apply_filters('', Array)
#3 /var/www/html/testEnv/wp-includes/plugin.php(470): WP_Hook->do_action(Array)
#4 /var/www/html/testEnv/wp-content/plugins/elementor/includes/managers/widgets.php(99): do_action('elementor/widge...', Object(Elementor\Widgets_Manager))
#5 /var/www/html/testEnv/wp-content/plugins/elementor/includes/managers/widgets.php(235): Elementor\Widgets_Manager->init_widgets()
#6 /var/www/html/testEnv/wp-content/plugins/elementor/includes/elements/column.php(1025): Elementor\Widgets_Manager->get_widget_types('form')
#7 /var/www/html in /var/www/html/testEnv/wp-content/plugins/test-env-elementor/widgets/form-elementor.php on line 29
[31-Oct-2021 19:11:38 UTC] PHP Fatal error:  Uncaught Error: Class 'Form\Submit' not found in /var/www/html/testEnv/wp-content/plugins/test-env-elementor/widgets/form-elementor.php:29
Stack trace:
#0 /var/www/html/testEnv/wp-content/plugins/test-env-elementor/test-env-elementor.php(139): Form_Elementor->__construct()
#1 /var/www/html/testEnv/wp-includes/class-wp-hook.php(303): Test_Env_Elementor->init_widgets(Object(Elementor\Widgets_Manager))
#2 /var/www/html/testEnv/wp-includes/class-wp-hook.php(327): WP_Hook->apply_filters('', Array)
#3 /var/www/html/testEnv/wp-includes/plugin.php(470): WP_Hook->do_action(Array)
#4 /var/www/html/testEnv/wp-content/plugins/elementor/includes/managers/widgets.php(99): do_action('elementor/widge...', Object(Elementor\Widgets_Manager))
#5 /var/www/html/testEnv/wp-content/plugins/elementor/includes/managers/widgets.php(235): Elementor\Widgets_Manager->init_widgets()
#6 /var/www/html/testEnv/wp-content/plugins/elementor/includes/elements/column.php(1025): Elementor\Widgets_Manager->get_widget_types('form')
#7 /var/www/html in /var/www/html/testEnv/wp-content/plugins/test-env-elementor/widgets/form-elementor.php on line 29
[31-Oct-2021 19:11:39 UTC] PHP Fatal error:  Uncaught Error: Class 'Form\Submit' not found in /var/www/html/testEnv/wp-content/plugins/test-env-elementor/widgets/form-elementor.php:29
Stack trace:
#0 /var/www/html/testEnv/wp-content/plugins/test-env-elementor/test-env-elementor.php(139): Form_Elementor->__construct()
#1 /var/www/html/testEnv/wp-includes/class-wp-hook.php(303): Test_Env_Elementor->init_widgets(Object(Elementor\Widgets_Manager))
#2 /var/www/html/testEnv/wp-includes/class-wp-hook.php(327): WP_Hook->apply_filters('', Array)
#3 /var/www/html/testEnv/wp-includes/plugin.php(470): WP_Hook->do_action(Array)
#4 /var/www/html/testEnv/wp-content/plugins/elementor/includes/managers/widgets.php(99): do_action('elementor/widge...', Object(Elementor\Widgets_Manager))
#5 /var/www/html/testEnv/wp-content/plugins/elementor/includes/managers/widgets.php(235): Elementor\Widgets_Manager->init_widgets()
#6 /var/www/html/testEnv/wp-content/plugins/elementor/includes/elements/column.php(1025): Elementor\Widgets_Manager->get_widget_types('form')
#7 /var/www/html in /var/www/html/testEnv/wp-content/plugins/test-env-elementor/widgets/form-elementor.php on line 29
[31-Oct-2021 19:11:39 UTC] PHP Fatal error:  Uncaught Error: Class 'Form\Submit' not found in /var/www/html/testEnv/wp-content/plugins/test-env-elementor/widgets/form-elementor.php:29
Stack trace:
#0 /var/www/html/testEnv/wp-content/plugins/test-env-elementor/test-env-elementor.php(139): Form_Elementor->__construct()
#1 /var/www/html/testEnv/wp-includes/class-wp-hook.php(303): Test_Env_Elementor->init_widgets(Object(Elementor\Widgets_Manager))
#2 /var/www/html/testEnv/wp-includes/class-wp-hook.php(327): WP_Hook->apply_filters('', Array)
#3 /var/www/html/testEnv/wp-includes/plugin.php(470): WP_Hook->do_action(Array)
#4 /var/www/html/testEnv/wp-content/plugins/elementor/includes/managers/widgets.php(99): do_action('elementor/widge...', Object(Elementor\Widgets_Manager))
#5 /var/www/html/testEnv/wp-content/plugins/elementor/includes/managers/widgets.php(235): Elementor\Widgets_Manager->init_widgets()
#6 /var/www/html/testEnv/wp-content/plugins/elementor/includes/elements/column.php(1025): Elementor\Widgets_Manager->get_widget_types('form')
#7 /var/www/html in /var/www/html/testEnv/wp-content/plugins/test-env-elementor/widgets/form-elementor.php on line 29
[31-Oct-2021 19:11:39 UTC] PHP Fatal error:  Uncaught Error: Class 'Form\Submit' not found in /var/www/html/testEnv/wp-content/plugins/test-env-elementor/widgets/form-elementor.php:29
Stack trace:
#0 /var/www/html/testEnv/wp-content/plugins/test-env-elementor/test-env-elementor.php(139): Form_Elementor->__construct()
#1 /var/www/html/testEnv/wp-includes/class-wp-hook.php(303): Test_Env_Elementor->init_widgets(Object(Elementor\Widgets_Manager))
#2 /var/www/html/testEnv/wp-includes/class-wp-hook.php(327): WP_Hook->apply_filters('', Array)
#3 /var/www/html/testEnv/wp-includes/plugin.php(470): WP_Hook->do_action(Array)
#4 /var/www/html/testEnv/wp-content/plugins/elementor/includes/managers/widgets.php(99): do_action('elementor/widge...', Object(Elementor\Widgets_Manager))
#5 /var/www/html/testEnv/wp-content/plugins/elementor/includes/managers/widgets.php(235): Elementor\Widgets_Manager->init_widgets()
#6 /var/www/html/testEnv/wp-content/plugins/elementor/includes/elements/column.php(1025): Elementor\Widgets_Manager->get_widget_types('form')
#7 /var/www/html in /var/www/html/testEnv/wp-content/plugins/test-env-elementor/widgets/form-elementor.php on line 29
[31-Oct-2021 19:11:39 UTC] PHP Fatal error:  Uncaught Error: Class 'Form\Submit' not found in /var/www/html/testEnv/wp-content/plugins/test-env-elementor/widgets/form-elementor.php:29
Stack trace:
#0 /var/www/html/testEnv/wp-content/plugins/test-env-elementor/test-env-elementor.php(139): Form_Elementor->__construct()
#1 /var/www/html/testEnv/wp-includes/class-wp-hook.php(303): Test_Env_Elementor->init_widgets(Object(Elementor\Widgets_Manager))
#2 /var/www/html/testEnv/wp-includes/class-wp-hook.php(327): WP_Hook->apply_filters('', Array)
#3 /var/www/html/testEnv/wp-includes/plugin.php(470): WP_Hook->do_action(Array)
#4 /var/www/html/testEnv/wp-content/plugins/elementor/includes/managers/widgets.php(99): do_action('elementor/widge...', Object(Elementor\Widgets_Manager))
#5 /var/www/html/testEnv/wp-content/plugins/elementor/includes/managers/widgets.php(235): Elementor\Widgets_Manager->init_widgets()
#6 /var/www/html/testEnv/wp-content/plugins/elementor/includes/elements/column.php(1025): Elementor\Widgets_Manager->get_widget_types('form')
#7 /var/www/html in /var/www/html/testEnv/wp-content/plugins/test-env-elementor/widgets/form-elementor.php on line 29
[31-Oct-2021 19:12:06 UTC] PHP Fatal error:  Uncaught TypeError: Argument 1 passed to Elementor\Core\Base\Base_Object::get_items() must be of the type array, null given, called in /var/www/html/testEnv/wp-content/plugins/elementor/includes/base/controls-stack.php on line 1066 and defined in /var/www/html/testEnv/wp-content/plugins/elementor/core/base/base-object.php:109
Stack trace:
#0 /var/www/html/testEnv/wp-content/plugins/elementor/includes/base/controls-stack.php(1066): Elementor\Core\Base\Base_Object::get_items(NULL, 'elements')
#1 /var/www/html/testEnv/wp-content/plugins/elementor/includes/base/element-base.php(830): Elementor\Controls_Stack->get_data('elements')
#2 /var/www/html/testEnv/wp-content/plugins/elementor/includes/base/element-base.php(301): Elementor\Element_Base->init_children()
#3 /var/www/html/testEnv/wp-content/plugins/elementor/core/dynamic-tags/dynamic-css.php(35): Elementor\Element_Base->get_children()
#4 /var/www/html/testEnv/wp-content/plugins/elementor/core/dynamic-tags/dynamic-css.php(36): Elementor\Core\DynamicTags\Dynamic in /var/www/html/testEnv/wp-content/plugins/elementor/core/base/base-object.php on line 109
[31-Oct-2021 19:12:29 UTC] PHP Fatal error:  Uncaught TypeError: Argument 1 passed to Elementor\Core\Base\Base_Object::get_items() must be of the type array, null given, called in /var/www/html/testEnv/wp-content/plugins/elementor/includes/base/controls-stack.php on line 1066 and defined in /var/www/html/testEnv/wp-content/plugins/elementor/core/base/base-object.php:109
Stack trace:
#0 /var/www/html/testEnv/wp-content/plugins/elementor/includes/base/controls-stack.php(1066): Elementor\Core\Base\Base_Object::get_items(NULL, 'elements')
#1 /var/www/html/testEnv/wp-content/plugins/elementor/includes/base/element-base.php(830): Elementor\Controls_Stack->get_data('elements')
#2 /var/www/html/testEnv/wp-content/plugins/elementor/includes/base/element-base.php(301): Elementor\Element_Base->init_children()
#3 /var/www/html/testEnv/wp-content/plugins/elementor/core/dynamic-tags/dynamic-css.php(35): Elementor\Element_Base->get_children()
#4 /var/www/html/testEnv/wp-content/plugins/elementor/core/dynamic-tags/dynamic-css.php(36): Elementor\Core\DynamicTags\Dynamic in /var/www/html/testEnv/wp-content/plugins/elementor/core/base/base-object.php on line 109
[31-Oct-2021 19:12:31 UTC] PHP Fatal error:  Uncaught TypeError: Argument 1 passed to Elementor\Core\Base\Base_Object::get_items() must be of the type array, null given, called in /var/www/html/testEnv/wp-content/plugins/elementor/includes/base/controls-stack.php on line 1066 and defined in /var/www/html/testEnv/wp-content/plugins/elementor/core/base/base-object.php:109
Stack trace:
#0 /var/www/html/testEnv/wp-content/plugins/elementor/includes/base/controls-stack.php(1066): Elementor\Core\Base\Base_Object::get_items(NULL, 'elements')
#1 /var/www/html/testEnv/wp-content/plugins/elementor/includes/base/element-base.php(830): Elementor\Controls_Stack->get_data('elements')
#2 /var/www/html/testEnv/wp-content/plugins/elementor/includes/base/element-base.php(301): Elementor\Element_Base->init_children()
#3 /var/www/html/testEnv/wp-content/plugins/elementor/core/dynamic-tags/dynamic-css.php(35): Elementor\Element_Base->get_children()
#4 /var/www/html/testEnv/wp-content/plugins/elementor/core/dynamic-tags/dynamic-css.php(36): Elementor\Core\DynamicTags\Dynamic in /var/www/html/testEnv/wp-content/plugins/elementor/core/base/base-object.php on line 109
[31-Oct-2021 19:12:38 UTC] PHP Fatal error:  Uncaught TypeError: Argument 1 passed to Elementor\Core\Base\Base_Object::get_items() must be of the type array, null given, called in /var/www/html/testEnv/wp-content/plugins/elementor/includes/base/controls-stack.php on line 1066 and defined in /var/www/html/testEnv/wp-content/plugins/elementor/core/base/base-object.php:109
Stack trace:
#0 /var/www/html/testEnv/wp-content/plugins/elementor/includes/base/controls-stack.php(1066): Elementor\Core\Base\Base_Object::get_items(NULL, 'elements')
#1 /var/www/html/testEnv/wp-content/plugins/elementor/includes/base/element-base.php(830): Elementor\Controls_Stack->get_data('elements')
#2 /var/www/html/testEnv/wp-content/plugins/elementor/includes/base/element-base.php(301): Elementor\Element_Base->init_children()
#3 /var/www/html/testEnv/wp-content/plugins/elementor/core/dynamic-tags/dynamic-css.php(35): Elementor\Element_Base->get_children()
#4 /var/www/html/testEnv/wp-content/plugins/elementor/core/dynamic-tags/dynamic-css.php(36): Elementor\Core\DynamicTags\Dynamic in /var/www/html/testEnv/wp-content/plugins/elementor/core/base/base-object.php on line 109
[31-Oct-2021 19:12:39 UTC] PHP Fatal error:  Uncaught TypeError: Argument 1 passed to Elementor\Core\Base\Base_Object::get_items() must be of the type array, null given, called in /var/www/html/testEnv/wp-content/plugins/elementor/includes/base/controls-stack.php on line 1066 and defined in /var/www/html/testEnv/wp-content/plugins/elementor/core/base/base-object.php:109
Stack trace:
#0 /var/www/html/testEnv/wp-content/plugins/elementor/includes/base/controls-stack.php(1066): Elementor\Core\Base\Base_Object::get_items(NULL, 'elements')
#1 /var/www/html/testEnv/wp-content/plugins/elementor/includes/base/element-base.php(830): Elementor\Controls_Stack->get_data('elements')
#2 /var/www/html/testEnv/wp-content/plugins/elementor/includes/base/element-base.php(301): Elementor\Element_Base->init_children()
#3 /var/www/html/testEnv/wp-content/plugins/elementor/core/dynamic-tags/dynamic-css.php(35): Elementor\Element_Base->get_children()
#4 /var/www/html/testEnv/wp-content/plugins/elementor/core/dynamic-tags/dynamic-css.php(36): Elementor\Core\DynamicTags\Dynamic in /var/www/html/testEnv/wp-content/plugins/elementor/core/base/base-object.php on line 109
[31-Oct-2021 19:12:49 UTC] PHP Fatal error:  Uncaught Error: Class 'Form\Submit' not found in /var/www/html/testEnv/wp-content/plugins/test-env-elementor/widgets/form-elementor.php:56
Stack trace:
#0 /var/www/html/testEnv/wp-content/plugins/elementor/includes/base/controls-stack.php(2154): Form_Elementor->render()
#1 /var/www/html/testEnv/wp-content/plugins/elementor/includes/base/widget-base.php(581): Elementor\Controls_Stack->render_by_mode()
#2 /var/www/html/testEnv/wp-content/plugins/elementor/includes/base/widget-base.php(722): Elementor\Widget_Base->render_content()
#3 /var/www/html/testEnv/wp-content/plugins/elementor/includes/base/element-base.php(450): Elementor\Widget_Base->print_content()
#4 /var/www/html/testEnv/wp-content/plugins/elementor/includes/base/element-base.php(744): Elementor\Element_Base->print_element()
#5 /var/www/html/testEnv/wp-content/plugins/elementor/includes/base/element-base.php(450): Elementor\Element_Base->print_content()
#6 /var/www/html/testEnv/wp-content/plugins/elementor/includes/base/element-base.php(744): Element in /var/www/html/testEnv/wp-content/plugins/test-env-elementor/widgets/form-elementor.php on line 56
[31-Oct-2021 19:13:30 UTC] PHP Fatal error:  Uncaught Error: Class 'Form\Submit' not found in /var/www/html/testEnv/wp-content/plugins/test-env-elementor/widgets/form-elementor.php:32
Stack trace:
#0 /var/www/html/testEnv/wp-content/plugins/test-env-elementor/test-env-elementor.php(139): Form_Elementor->__construct()
#1 /var/www/html/testEnv/wp-includes/class-wp-hook.php(303): Test_Env_Elementor->init_widgets(Object(Elementor\Widgets_Manager))
#2 /var/www/html/testEnv/wp-includes/class-wp-hook.php(327): WP_Hook->apply_filters('', Array)
#3 /var/www/html/testEnv/wp-includes/plugin.php(470): WP_Hook->do_action(Array)
#4 /var/www/html/testEnv/wp-content/plugins/elementor/includes/managers/widgets.php(99): do_action('elementor/widge...', Object(Elementor\Widgets_Manager))
#5 /var/www/html/testEnv/wp-content/plugins/elementor/includes/managers/widgets.php(235): Elementor\Widgets_Manager->init_widgets()
#6 /var/www/html/testEnv/wp-content/plugins/elementor/includes/elements/column.php(1025): Elementor\Widgets_Manager->get_widget_types('form')
#7 /var/www/html in /var/www/html/testEnv/wp-content/plugins/test-env-elementor/widgets/form-elementor.php on line 32
[31-Oct-2021 19:13:47 UTC] PHP Fatal error:  Uncaught Error: Class 'Form\Submit' not found in /var/www/html/testEnv/wp-content/plugins/test-env-elementor/widgets/form-elementor.php:32
Stack trace:
#0 /var/www/html/testEnv/wp-content/plugins/test-env-elementor/test-env-elementor.php(139): Form_Elementor->__construct()
#1 /var/www/html/testEnv/wp-includes/class-wp-hook.php(303): Test_Env_Elementor->init_widgets(Object(Elementor\Widgets_Manager))
#2 /var/www/html/testEnv/wp-includes/class-wp-hook.php(327): WP_Hook->apply_filters('', Array)
#3 /var/www/html/testEnv/wp-includes/plugin.php(470): WP_Hook->do_action(Array)
#4 /var/www/html/testEnv/wp-content/plugins/elementor/includes/managers/widgets.php(99): do_action('elementor/widge...', Object(Elementor\Widgets_Manager))
#5 /var/www/html/testEnv/wp-content/plugins/elementor/includes/managers/widgets.php(235): Elementor\Widgets_Manager->init_widgets()
#6 /var/www/html/testEnv/wp-content/plugins/elementor/includes/elements/column.php(1025): Elementor\Widgets_Manager->get_widget_types('form')
#7 /var/www/html in /var/www/html/testEnv/wp-content/plugins/test-env-elementor/widgets/form-elementor.php on line 32
[31-Oct-2021 19:13:48 UTC] PHP Fatal error:  Uncaught Error: Class 'Form\Submit' not found in /var/www/html/testEnv/wp-content/plugins/test-env-elementor/widgets/form-elementor.php:32
Stack trace:
#0 /var/www/html/testEnv/wp-content/plugins/test-env-elementor/test-env-elementor.php(139): Form_Elementor->__construct()
#1 /var/www/html/testEnv/wp-includes/class-wp-hook.php(303): Test_Env_Elementor->init_widgets(Object(Elementor\Widgets_Manager))
#2 /var/www/html/testEnv/wp-includes/class-wp-hook.php(327): WP_Hook->apply_filters('', Array)
#3 /var/www/html/testEnv/wp-includes/plugin.php(470): WP_Hook->do_action(Array)
#4 /var/www/html/testEnv/wp-content/plugins/elementor/includes/managers/widgets.php(99): do_action('elementor/widge...', Object(Elementor\Widgets_Manager))
#5 /var/www/html/testEnv/wp-content/plugins/elementor/includes/managers/widgets.php(235): Elementor\Widgets_Manager->init_widgets()
#6 /var/www/html/testEnv/wp-content/plugins/elementor/includes/elements/column.php(1025): Elementor\Widgets_Manager->get_widget_types('form')
#7 /var/www/html in /var/www/html/testEnv/wp-content/plugins/test-env-elementor/widgets/form-elementor.php on line 32
[31-Oct-2021 19:13:48 UTC] PHP Fatal error:  Uncaught Error: Class 'Form\Submit' not found in /var/www/html/testEnv/wp-content/plugins/test-env-elementor/widgets/form-elementor.php:32
Stack trace:
#0 /var/www/html/testEnv/wp-content/plugins/test-env-elementor/test-env-elementor.php(139): Form_Elementor->__construct()
#1 /var/www/html/testEnv/wp-includes/class-wp-hook.php(303): Test_Env_Elementor->init_widgets(Object(Elementor\Widgets_Manager))
#2 /var/www/html/testEnv/wp-includes/class-wp-hook.php(327): WP_Hook->apply_filters('', Array)
#3 /var/www/html/testEnv/wp-includes/plugin.php(470): WP_Hook->do_action(Array)
#4 /var/www/html/testEnv/wp-content/plugins/elementor/includes/managers/widgets.php(99): do_action('elementor/widge...', Object(Elementor\Widgets_Manager))
#5 /var/www/html/testEnv/wp-content/plugins/elementor/includes/managers/widgets.php(235): Elementor\Widgets_Manager->init_widgets()
#6 /var/www/html/testEnv/wp-content/plugins/elementor/includes/elements/column.php(1025): Elementor\Widgets_Manager->get_widget_types('form')
#7 /var/www/html in /var/www/html/testEnv/wp-content/plugins/test-env-elementor/widgets/form-elementor.php on line 32
[31-Oct-2021 19:13:48 UTC] PHP Fatal error:  Uncaught Error: Class 'Form\Submit' not found in /var/www/html/testEnv/wp-content/plugins/test-env-elementor/widgets/form-elementor.php:32
Stack trace:
#0 /var/www/html/testEnv/wp-content/plugins/test-env-elementor/test-env-elementor.php(139): Form_Elementor->__construct()
#1 /var/www/html/testEnv/wp-includes/class-wp-hook.php(303): Test_Env_Elementor->init_widgets(Object(Elementor\Widgets_Manager))
#2 /var/www/html/testEnv/wp-includes/class-wp-hook.php(327): WP_Hook->apply_filters('', Array)
#3 /var/www/html/testEnv/wp-includes/plugin.php(470): WP_Hook->do_action(Array)
#4 /var/www/html/testEnv/wp-content/plugins/elementor/includes/managers/widgets.php(99): do_action('elementor/widge...', Object(Elementor\Widgets_Manager))
#5 /var/www/html/testEnv/wp-content/plugins/elementor/includes/managers/widgets.php(235): Elementor\Widgets_Manager->init_widgets()
#6 /var/www/html/testEnv/wp-content/plugins/elementor/includes/elements/column.php(1025): Elementor\Widgets_Manager->get_widget_types('form')
#7 /var/www/html in /var/www/html/testEnv/wp-content/plugins/test-env-elementor/widgets/form-elementor.php on line 32
[31-Oct-2021 19:13:48 UTC] PHP Fatal error:  Uncaught Error: Class 'Form\Submit' not found in /var/www/html/testEnv/wp-content/plugins/test-env-elementor/widgets/form-elementor.php:32
Stack trace:
#0 /var/www/html/testEnv/wp-content/plugins/test-env-elementor/test-env-elementor.php(139): Form_Elementor->__construct()
#1 /var/www/html/testEnv/wp-includes/class-wp-hook.php(303): Test_Env_Elementor->init_widgets(Object(Elementor\Widgets_Manager))
#2 /var/www/html/testEnv/wp-includes/class-wp-hook.php(327): WP_Hook->apply_filters('', Array)
#3 /var/www/html/testEnv/wp-includes/plugin.php(470): WP_Hook->do_action(Array)
#4 /var/www/html/testEnv/wp-content/plugins/elementor/includes/managers/widgets.php(99): do_action('elementor/widge...', Object(Elementor\Widgets_Manager))
#5 /var/www/html/testEnv/wp-content/plugins/elementor/includes/managers/widgets.php(235): Elementor\Widgets_Manager->init_widgets()
#6 /var/www/html/testEnv/wp-content/plugins/elementor/includes/elements/column.php(1025): Elementor\Widgets_Manager->get_widget_types('form')
#7 /var/www/html in /var/www/html/testEnv/wp-content/plugins/test-env-elementor/widgets/form-elementor.php on line 32
[31-Oct-2021 19:13:48 UTC] PHP Fatal error:  Uncaught Error: Class 'Form\Submit' not found in /var/www/html/testEnv/wp-content/plugins/test-env-elementor/widgets/form-elementor.php:32
Stack trace:
#0 /var/www/html/testEnv/wp-content/plugins/test-env-elementor/test-env-elementor.php(139): Form_Elementor->__construct()
#1 /var/www/html/testEnv/wp-includes/class-wp-hook.php(303): Test_Env_Elementor->init_widgets(Object(Elementor\Widgets_Manager))
#2 /var/www/html/testEnv/wp-includes/class-wp-hook.php(327): WP_Hook->apply_filters('', Array)
#3 /var/www/html/testEnv/wp-includes/plugin.php(470): WP_Hook->do_action(Array)
#4 /var/www/html/testEnv/wp-content/plugins/elementor/includes/managers/widgets.php(99): do_action('elementor/widge...', Object(Elementor\Widgets_Manager))
#5 /var/www/html/testEnv/wp-content/plugins/elementor/includes/managers/widgets.php(235): Elementor\Widgets_Manager->init_widgets()
#6 /var/www/html/testEnv/wp-content/plugins/elementor/includes/elements/column.php(1025): Elementor\Widgets_Manager->get_widget_types('form')
#7 /var/www/html in /var/www/html/testEnv/wp-content/plugins/test-env-elementor/widgets/form-elementor.php on line 32
[31-Oct-2021 19:13:49 UTC] PHP Fatal error:  Uncaught Error: Class 'Form\Submit' not found in /var/www/html/testEnv/wp-content/plugins/test-env-elementor/widgets/form-elementor.php:32
Stack trace:
#0 /var/www/html/testEnv/wp-content/plugins/test-env-elementor/test-env-elementor.php(139): Form_Elementor->__construct()
#1 /var/www/html/testEnv/wp-includes/class-wp-hook.php(303): Test_Env_Elementor->init_widgets(Object(Elementor\Widgets_Manager))
#2 /var/www/html/testEnv/wp-includes/class-wp-hook.php(327): WP_Hook->apply_filters('', Array)
#3 /var/www/html/testEnv/wp-includes/plugin.php(470): WP_Hook->do_action(Array)
#4 /var/www/html/testEnv/wp-content/plugins/elementor/includes/managers/widgets.php(99): do_action('elementor/widge...', Object(Elementor\Widgets_Manager))
#5 /var/www/html/testEnv/wp-content/plugins/elementor/includes/managers/widgets.php(235): Elementor\Widgets_Manager->init_widgets()
#6 /var/www/html/testEnv/wp-content/plugins/elementor/includes/elements/column.php(1025): Elementor\Widgets_Manager->get_widget_types('form')
#7 /var/www/html in /var/www/html/testEnv/wp-content/plugins/test-env-elementor/widgets/form-elementor.php on line 32
[31-Oct-2021 19:13:49 UTC] PHP Fatal error:  Uncaught Error: Class 'Form\Submit' not found in /var/www/html/testEnv/wp-content/plugins/test-env-elementor/widgets/form-elementor.php:32
Stack trace:
#0 /var/www/html/testEnv/wp-content/plugins/test-env-elementor/test-env-elementor.php(139): Form_Elementor->__construct()
#1 /var/www/html/testEnv/wp-includes/class-wp-hook.php(303): Test_Env_Elementor->init_widgets(Object(Elementor\Widgets_Manager))
#2 /var/www/html/testEnv/wp-includes/class-wp-hook.php(327): WP_Hook->apply_filters('', Array)
#3 /var/www/html/testEnv/wp-includes/plugin.php(470): WP_Hook->do_action(Array)
#4 /var/www/html/testEnv/wp-content/plugins/elementor/includes/managers/widgets.php(99): do_action('elementor/widge...', Object(Elementor\Widgets_Manager))
#5 /var/www/html/testEnv/wp-content/plugins/elementor/includes/managers/widgets.php(235): Elementor\Widgets_Manager->init_widgets()
#6 /var/www/html/testEnv/wp-content/plugins/elementor/includes/elements/column.php(1025): Elementor\Widgets_Manager->get_widget_types('form')
#7 /var/www/html in /var/www/html/testEnv/wp-content/plugins/test-env-elementor/widgets/form-elementor.php on line 32
[31-Oct-2021 19:13:50 UTC] PHP Fatal error:  Uncaught Error: Class 'Form\Submit' not found in /var/www/html/testEnv/wp-content/plugins/test-env-elementor/widgets/form-elementor.php:32
Stack trace:
#0 /var/www/html/testEnv/wp-content/plugins/test-env-elementor/test-env-elementor.php(139): Form_Elementor->__construct()
#1 /var/www/html/testEnv/wp-includes/class-wp-hook.php(303): Test_Env_Elementor->init_widgets(Object(Elementor\Widgets_Manager))
#2 /var/www/html/testEnv/wp-includes/class-wp-hook.php(327): WP_Hook->apply_filters('', Array)
#3 /var/www/html/testEnv/wp-includes/plugin.php(470): WP_Hook->do_action(Array)
#4 /var/www/html/testEnv/wp-content/plugins/elementor/includes/managers/widgets.php(99): do_action('elementor/widge...', Object(Elementor\Widgets_Manager))
#5 /var/www/html/testEnv/wp-content/plugins/elementor/includes/managers/widgets.php(235): Elementor\Widgets_Manager->init_widgets()
#6 /var/www/html/testEnv/wp-content/plugins/elementor/includes/elements/column.php(1025): Elementor\Widgets_Manager->get_widget_types('form')
#7 /var/www/html in /var/www/html/testEnv/wp-content/plugins/test-env-elementor/widgets/form-elementor.php on line 32
[31-Oct-2021 19:14:14 UTC] PHP Fatal error:  Uncaught Error: Class 'Form\Submit' not found in /var/www/html/testEnv/wp-content/plugins/test-env-elementor/widgets/form-elementor.php:32
Stack trace:
#0 /var/www/html/testEnv/wp-content/plugins/test-env-elementor/test-env-elementor.php(139): Form_Elementor->__construct()
#1 /var/www/html/testEnv/wp-includes/class-wp-hook.php(303): Test_Env_Elementor->init_widgets(Object(Elementor\Widgets_Manager))
#2 /var/www/html/testEnv/wp-includes/class-wp-hook.php(327): WP_Hook->apply_filters('', Array)
#3 /var/www/html/testEnv/wp-includes/plugin.php(470): WP_Hook->do_action(Array)
#4 /var/www/html/testEnv/wp-content/plugins/elementor/includes/managers/widgets.php(99): do_action('elementor/widge...', Object(Elementor\Widgets_Manager))
#5 /var/www/html/testEnv/wp-content/plugins/elementor/includes/managers/widgets.php(235): Elementor\Widgets_Manager->init_widgets()
#6 /var/www/html/testEnv/wp-content/plugins/elementor/includes/elements/column.php(1025): Elementor\Widgets_Manager->get_widget_types('form')
#7 /var/www/html in /var/www/html/testEnv/wp-content/plugins/test-env-elementor/widgets/form-elementor.php on line 32
[31-Oct-2021 19:15:01 UTC] PHP Fatal error:  Uncaught Error: Class 'Form\Submit' not found in /var/www/html/testEnv/wp-content/plugins/test-env-elementor/widgets/form-elementor.php:30
Stack trace:
#0 /var/www/html/testEnv/wp-content/plugins/test-env-elementor/test-env-elementor.php(139): Form_Elementor->__construct()
#1 /var/www/html/testEnv/wp-includes/class-wp-hook.php(303): Test_Env_Elementor->init_widgets(Object(Elementor\Widgets_Manager))
#2 /var/www/html/testEnv/wp-includes/class-wp-hook.php(327): WP_Hook->apply_filters('', Array)
#3 /var/www/html/testEnv/wp-includes/plugin.php(470): WP_Hook->do_action(Array)
#4 /var/www/html/testEnv/wp-content/plugins/elementor/includes/managers/widgets.php(99): do_action('elementor/widge...', Object(Elementor\Widgets_Manager))
#5 /var/www/html/testEnv/wp-content/plugins/elementor/includes/managers/widgets.php(235): Elementor\Widgets_Manager->init_widgets()
#6 /var/www/html/testEnv/wp-content/plugins/elementor/includes/elements/column.php(1025): Elementor\Widgets_Manager->get_widget_types('form')
#7 /var/www/html in /var/www/html/testEnv/wp-content/plugins/test-env-elementor/widgets/form-elementor.php on line 30
[31-Oct-2021 19:19:17 UTC] PHP Warning:  require_once(../form/Submit.php): failed to open stream: No such file or directory in /var/www/html/testEnv/wp-content/plugins/test-env-elementor/widgets/form-elementor.php on line 15
[31-Oct-2021 19:19:17 UTC] PHP Fatal error:  require_once(): Failed opening required '../form/Submit.php' (include_path='.:/usr/share/php') in /var/www/html/testEnv/wp-content/plugins/test-env-elementor/widgets/form-elementor.php on line 15
[31-Oct-2021 19:19:43 UTC] PHP Warning:  require_once(./../form/Submit.php): failed to open stream: No such file or directory in /var/www/html/testEnv/wp-content/plugins/test-env-elementor/widgets/form-elementor.php on line 15
[31-Oct-2021 19:19:43 UTC] PHP Fatal error:  require_once(): Failed opening required './../form/Submit.php' (include_path='.:/usr/share/php') in /var/www/html/testEnv/wp-content/plugins/test-env-elementor/widgets/form-elementor.php on line 15
[31-Oct-2021 19:22:02 UTC] PHP Warning:  require_once(/var/www/html/testEnv/wp-content/plugins/vendor/autoload.php): failed to open stream: No such file or directory in /var/www/html/testEnv/wp-content/plugins/test-env-elementor/widgets/form-elementor.php on line 19
[31-Oct-2021 19:22:02 UTC] PHP Fatal error:  require_once(): Failed opening required '/var/www/html/testEnv/wp-content/plugins/vendor/autoload.php' (include_path='.:/usr/share/php') in /var/www/html/testEnv/wp-content/plugins/test-env-elementor/widgets/form-elementor.php on line 19
[31-Oct-2021 21:45:14 UTC] PHP Notice:  Undefined index: enquiy in /var/www/html/testEnv/wp-content/plugins/test-env-elementor/test-env.php on line 24
[31-Oct-2021 21:45:14 UTC] PHP Notice:  Undefined index: emil_field in /var/www/html/testEnv/wp-content/plugins/test-env-elementor/test-env.php on line 26
[31-Oct-2021 21:45:26 UTC] PHP Notice:  Undefined index: enquiy in /var/www/html/testEnv/wp-content/plugins/test-env-elementor/test-env.php on line 24
[31-Oct-2021 21:45:26 UTC] PHP Notice:  Undefined index: email_field in /var/www/html/testEnv/wp-content/plugins/test-env-elementor/test-env.php on line 26
[31-Oct-2021 21:45:40 UTC] PHP Notice:  Undefined index: enquiy in /var/www/html/testEnv/wp-content/plugins/test-env-elementor/test-env.php on line 24
[31-Oct-2021 21:45:40 UTC] PHP Notice:  Undefined index: email in /var/www/html/testEnv/wp-content/plugins/test-env-elementor/test-env.php on line 26
